This is pdfTeX, Version 3.141592653-2.6-1.40.24 (TeX Live 2022/Debian) (preloaded format=pdflatex 2025.5.16)  30 MAY 2025 05:10
entering extended mode
 restricted \write18 enabled.
 %&-line parsing enabled.
**cy.tex
(./cy.tex
LaTeX2e <2022-11-01> patch level 1
L3 programming layer <2023-01-16>
(/usr/share/texlive/texmf-dist/tex/latex/base/article.cls
Document Class: article 2022/07/02 v1.4n Standard LaTeX document class
(/usr/share/texlive/texmf-dist/tex/latex/base/size12.clo
File: size12.clo 2022/07/02 v1.4n Standard LaTeX file (size option)
)
\c@part=\count185
\c@section=\count186
\c@subsection=\count187
\c@subsubsection=\count188
\c@paragraph=\count189
\c@subparagraph=\count190
\c@figure=\count191
\c@table=\count192
\abovecaptionskip=\skip48
\belowcaptionskip=\skip49
\bibindent=\dimen140
)
(/usr/share/texlive/texmf-dist/tex/latex/xcolor/xcolor.sty
Package: xcolor 2022/06/12 v2.14 LaTeX color extensions (UK)

(/usr/share/texlive/texmf-dist/tex/latex/graphics-cfg/color.cfg
File: color.cfg 2016/01/02 v1.6 sample color configuration
)
Package xcolor Info: Driver file: pdftex.def on input line 227.

(/usr/share/texlive/texmf-dist/tex/latex/graphics-def/pdftex.def
File: pdftex.def 2022/09/22 v1.2b Graphics/color driver for pdftex
)
(/usr/share/texlive/texmf-dist/tex/latex/colortbl/colortbl.sty
Package: colortbl 2022/06/20 v1.0f Color table columns (DPC)

(/usr/share/texlive/texmf-dist/tex/latex/tools/array.sty
Package: array 2022/09/04 v2.5g Tabular extension package (FMi)
\col@sep=\dimen141
\ar@mcellbox=\box51
\extrarowheight=\dimen142
\NC@list=\toks16
\extratabsurround=\skip50
\backup@length=\skip51
\ar@cellbox=\box52
)
\everycr=\toks17
\minrowclearance=\skip52
\rownum=\count193
)
(/usr/share/texlive/texmf-dist/tex/latex/graphics/mathcolor.ltx)
Package xcolor Info: Model `cmy' substituted by `cmy0' on input line 1353.
Package xcolor Info: Model `hsb' substituted by `rgb' on input line 1357.
Package xcolor Info: Model `RGB' extended on input line 1369.
Package xcolor Info: Model `HTML' substituted by `rgb' on input line 1371.
Package xcolor Info: Model `Hsb' substituted by `hsb' on input line 1372.
Package xcolor Info: Model `tHsb' substituted by `hsb' on input line 1373.
Package xcolor Info: Model `HSB' substituted by `hsb' on input line 1374.
Package xcolor Info: Model `Gray' substituted by `gray' on input line 1375.
Package xcolor Info: Model `wave' substituted by `hsb' on input line 1376.
)
(/usr/share/texlive/texmf-dist/tex/latex/fancyhdr/fancyhdr.sty
Package: fancyhdr 2022/11/09 v4.1 Extensive control of page headers and footers

\f@nch@headwidth=\skip53
\f@nch@O@elh=\skip54
\f@nch@O@erh=\skip55
\f@nch@O@olh=\skip56
\f@nch@O@orh=\skip57
\f@nch@O@elf=\skip58
\f@nch@O@erf=\skip59
\f@nch@O@olf=\skip60
\f@nch@O@orf=\skip61
)
(/usr/share/texlive/texmf-dist/tex/latex/tools/longtable.sty
Package: longtable 2021-09-01 v4.17 Multi-page Table package (DPC)
\LTleft=\skip62
\LTright=\skip63
\LTpre=\skip64
\LTpost=\skip65
\LTchunksize=\count194
\LTcapwidth=\dimen143
\LT@head=\box53
\LT@firsthead=\box54
\LT@foot=\box55
\LT@lastfoot=\box56
\LT@gbox=\box57
\LT@cols=\count195
\LT@rows=\count196
\c@LT@tables=\count197
\c@LT@chunks=\count198
\LT@p@ftn=\toks18
)
(/usr/share/texlive/texmf-dist/tex/latex/booktabs/booktabs.sty
Package: booktabs 2020/01/12 v1.61803398 Publication quality tables
\heavyrulewidth=\dimen144
\lightrulewidth=\dimen145
\cmidrulewidth=\dimen146
\belowrulesep=\dimen147
\belowbottomsep=\dimen148
\aboverulesep=\dimen149
\abovetopsep=\dimen150
\cmidrulesep=\dimen151
\cmidrulekern=\dimen152
\defaultaddspace=\dimen153
\@cmidla=\count199
\@cmidlb=\count266
\@aboverulesep=\dimen154
\@belowrulesep=\dimen155
\@thisruleclass=\count267
\@lastruleclass=\count268
\@thisrulewidth=\dimen156
)
(/usr/share/texlive/texmf-dist/tex/latex/amsmath/amsmath.sty
Package: amsmath 2022/04/08 v2.17n AMS math features
\@mathmargin=\skip66

For additional information on amsmath, use the `?' option.
(/usr/share/texlive/texmf-dist/tex/latex/amsmath/amstext.sty
Package: amstext 2021/08/26 v2.01 AMS text

(/usr/share/texlive/texmf-dist/tex/latex/amsmath/amsgen.sty
File: amsgen.sty 1999/11/30 v2.0 generic functions
\@emptytoks=\toks19
\ex@=\dimen157
))
(/usr/share/texlive/texmf-dist/tex/latex/amsmath/amsbsy.sty
Package: amsbsy 1999/11/29 v1.2d Bold Symbols
\pmbraise@=\dimen158
)
(/usr/share/texlive/texmf-dist/tex/latex/amsmath/amsopn.sty
Package: amsopn 2022/04/08 v2.04 operator names
)
\inf@bad=\count269
LaTeX Info: Redefining \frac on input line 234.
\uproot@=\count270
\leftroot@=\count271
LaTeX Info: Redefining \overline on input line 399.
LaTeX Info: Redefining \colon on input line 410.
\classnum@=\count272
\DOTSCASE@=\count273
LaTeX Info: Redefining \ldots on input line 496.
LaTeX Info: Redefining \dots on input line 499.
LaTeX Info: Redefining \cdots on input line 620.
\Mathstrutbox@=\box58
\strutbox@=\box59
LaTeX Info: Redefining \big on input line 722.
LaTeX Info: Redefining \Big on input line 723.
LaTeX Info: Redefining \bigg on input line 724.
LaTeX Info: Redefining \Bigg on input line 725.
\big@size=\dimen159
LaTeX Font Info:    Redeclaring font encoding OML on input line 743.
LaTeX Font Info:    Redeclaring font encoding OMS on input line 744.
\macc@depth=\count274
LaTeX Info: Redefining \bmod on input line 905.
LaTeX Info: Redefining \pmod on input line 910.
LaTeX Info: Redefining \smash on input line 940.
LaTeX Info: Redefining \relbar on input line 970.
LaTeX Info: Redefining \Relbar on input line 971.
\c@MaxMatrixCols=\count275
\dotsspace@=\muskip16
\c@parentequation=\count276
\dspbrk@lvl=\count277
\tag@help=\toks20
\row@=\count278
\column@=\count279
\maxfields@=\count280
\andhelp@=\toks21
\eqnshift@=\dimen160
\alignsep@=\dimen161
\tagshift@=\dimen162
\tagwidth@=\dimen163
\totwidth@=\dimen164
\lineht@=\dimen165
\@envbody=\toks22
\multlinegap=\skip67
\multlinetaggap=\skip68
\mathdisplay@stack=\toks23
LaTeX Info: Redefining \[ on input line 2953.
LaTeX Info: Redefining \] on input line 2954.
)
(/usr/share/texlive/texmf-dist/tex/latex/tools/multicol.sty
Package: multicol 2021/11/30 v1.9d multicolumn formatting (FMi)
\c@tracingmulticols=\count281
\mult@box=\box60
\multicol@leftmargin=\dimen166
\c@unbalance=\count282
\c@collectmore=\count283
\doublecol@number=\count284
\multicoltolerance=\count285
\multicolpretolerance=\count286
\full@width=\dimen167
\page@free=\dimen168
\premulticols=\dimen169
\postmulticols=\dimen170
\multicolsep=\skip69
\multicolbaselineskip=\skip70
\partial@page=\box61
\last@line=\box62
\maxbalancingoverflow=\dimen171
\mult@rightbox=\box63
\mult@grightbox=\box64
\mult@firstbox=\box65
\mult@gfirstbox=\box66
\@tempa=\box67
\@tempa=\box68
\@tempa=\box69
\@tempa=\box70
\@tempa=\box71
\@tempa=\box72
\@tempa=\box73
\@tempa=\box74
\@tempa=\box75
\@tempa=\box76
\@tempa=\box77
\@tempa=\box78
\@tempa=\box79
\@tempa=\box80
\@tempa=\box81
\@tempa=\box82
\@tempa=\box83
\@tempa=\box84
\@tempa=\box85
\@tempa=\box86
\@tempa=\box87
\@tempa=\box88
\@tempa=\box89
\@tempa=\box90
\@tempa=\box91
\@tempa=\box92
\@tempa=\box93
\@tempa=\box94
\@tempa=\box95
\@tempa=\box96
\@tempa=\box97
\@tempa=\box98
\@tempa=\box99
\@tempa=\box100
\@tempa=\box101
\@tempa=\box102
\c@minrows=\count287
\c@columnbadness=\count288
\c@finalcolumnbadness=\count289
\last@try=\dimen172
\multicolovershoot=\dimen173
\multicolundershoot=\dimen174
\mult@nat@firstbox=\box103
\colbreak@box=\box104
\mc@col@check@num=\count290
)
(/usr/share/texlive/texmf-dist/tex/latex/siunitx/siunitx.sty
Package: siunitx 2023-01-03 v3.2.0 A comprehensive (SI) units package
\l__siunitx_angle_tmp_dim=\dimen175
\l__siunitx_angle_marker_box=\box105
\l__siunitx_angle_unit_box=\box106
\l__siunitx_compound_count_int=\count291

(/usr/share/texlive/texmf-dist/tex/latex/translations/translations.sty
Package: translations 2022/02/05 v1.12 internationalization of LaTeX2e packages
 (CN)

(/usr/share/texlive/texmf-dist/tex/latex/etoolbox/etoolbox.sty
Package: etoolbox 2020/10/05 v2.5k e-TeX tools for LaTeX (JAW)
\etb@tempcnta=\count292
)
(/usr/share/texlive/texmf-dist/tex/generic/pdftexcmds/pdftexcmds.sty
Package: pdftexcmds 2020-06-27 v0.33 Utility functions of pdfTeX for LuaTeX (HO
)

(/usr/share/texlive/texmf-dist/tex/generic/infwarerr/infwarerr.sty
Package: infwarerr 2019/12/03 v1.5 Providing info/warning/error messages (HO)
)
(/usr/share/texlive/texmf-dist/tex/generic/iftex/iftex.sty
Package: iftex 2022/02/03 v1.0f TeX engine tests
)
(/usr/share/texlive/texmf-dist/tex/generic/ltxcmds/ltxcmds.sty
Package: ltxcmds 2020-05-10 v1.25 LaTeX kernel commands for general use (HO)
)
Package pdftexcmds Info: \pdf@primitive is available.
Package pdftexcmds Info: \pdf@ifprimitive is available.
Package pdftexcmds Info: \pdfdraftmode found.
))
\l__siunitx_number_exponent_fixed_int=\count293
\l__siunitx_number_min_decimal_int=\count294
\l__siunitx_number_min_integer_int=\count295
\l__siunitx_number_round_precision_int=\count296
\l__siunitx_number_lower_threshold_int=\count297
\l__siunitx_number_upper_threshold_int=\count298
\l__siunitx_number_group_first_int=\count299
\l__siunitx_number_group_size_int=\count300
\l__siunitx_number_group_minimum_int=\count301
\l__siunitx_table_tmp_box=\box107
\l__siunitx_table_tmp_dim=\dimen176
\l__siunitx_table_column_width_dim=\dimen177
\l__siunitx_table_integer_box=\box108
\l__siunitx_table_decimal_box=\box109
\l__siunitx_table_uncert_box=\box110
\l__siunitx_table_before_box=\box111
\l__siunitx_table_after_box=\box112
\l__siunitx_table_before_dim=\dimen178
\l__siunitx_table_carry_dim=\dimen179
\l__siunitx_unit_tmp_int=\count302
\l__siunitx_unit_position_int=\count303
\l__siunitx_unit_total_int=\count304
)
(/usr/share/texlive/texmf-dist/tex/latex/mhchem/mhchem.sty
Package: mhchem 2021/12/31 v4.09 for typesetting chemical formulae

(/usr/share/texlive/texmf-dist/tex/latex/l3kernel/expl3.sty
Package: expl3 2023-01-16 L3 programming layer (loader) 

(/usr/share/texlive/texmf-dist/tex/latex/l3backend/l3backend-pdftex.def
File: l3backend-pdftex.def 2023-01-16 L3 backend support: PDF output (pdfTeX)
\l__color_backend_stack_int=\count305
\l__pdf_internal_box=\box113
))
(/usr/share/texlive/texmf-dist/tex/latex/l3packages/l3keys2e/l3keys2e.sty
Package: l3keys2e 2023-01-16 LaTeX2e option processing using LaTeX3 keys
)
(/usr/share/texlive/texmf-dist/tex/latex/tools/calc.sty
Package: calc 2017/05/25 v4.3 Infix arithmetic (KKT,FJ)
\calc@Acount=\count306
\calc@Bcount=\count307
\calc@Adimen=\dimen180
\calc@Bdimen=\dimen181
\calc@Askip=\skip71
\calc@Bskip=\skip72
LaTeX Info: Redefining \setlength on input line 80.
LaTeX Info: Redefining \addtolength on input line 81.
\calc@Ccount=\count308
\calc@Cskip=\skip73
)
(/usr/share/texlive/texmf-dist/tex/latex/chemgreek/chemgreek.sty
(/usr/share/texlive/texmf-dist/tex/latex/l3packages/xparse/xparse.sty
Package: xparse 2023-01-16 L3 Experimental document command parser
)
Package: chemgreek 2020/01/16 v1.1a interface for upright Greek letters for use
 in chemistry (CN)
\l__chemgreek_tmpa_int=\count309
\g__chemgreek_tmpa_int=\count310
)
(/usr/share/texlive/texmf-dist/tex/latex/graphics/graphics.sty
Package: graphics 2022/03/10 v1.4e Standard LaTeX Graphics (DPC,SPQR)

(/usr/share/texlive/texmf-dist/tex/latex/graphics/trig.sty
Package: trig 2021/08/11 v1.11 sin cos tan (DPC)
)
(/usr/share/texlive/texmf-dist/tex/latex/graphics-cfg/graphics.cfg
File: graphics.cfg 2016/06/04 v1.11 sample graphics configuration
)
Package graphics Info: Driver file: pdftex.def on input line 107.
)
\l__mhchem_ce_distanceFromLastComma_int=\count311
\__mhchem_arrow_extPgfLength_skip=\skip74
\mhchem@minispace@tmp=\skip75
\mhchem@minibackspace@tmp=\skip76
\mhchem@bondwidth=\skip77
\mhchem@bondheight=\skip78
\mhchem@smallbondwidth@tmpA=\skip79
\mhchem@smallbondwidth@tmpB=\skip80
\mhchem@smallbondwidth=\skip81
\mhchem@bondtmp@minussidebearingleft=\skip82
\mhchem@bondtmp@minussidebearingright=\skip83
\l__mhchem_option_version_int=\count312
\mhchem@option@minusmathsidebearingleft=\dimen182
\mhchem@option@minusmathsidebearingright=\dimen183
\mhchem@option@minustextsidebearingleft=\dimen184
\mhchem@option@minustextsidebearingright=\dimen185
)
(/usr/share/texlive/texmf-dist/tex/latex/graphics/graphicx.sty
Package: graphicx 2021/09/16 v1.2d Enhanced LaTeX Graphics (DPC,SPQR)

(/usr/share/texlive/texmf-dist/tex/latex/graphics/keyval.sty
Package: keyval 2022/05/29 v1.15 key=value parser (DPC)
\KV@toks@=\toks24
)
\Gin@req@height=\dimen186
\Gin@req@width=\dimen187
)
(/usr/share/texlive/texmf-dist/tex/latex/setspace/setspace.sty
Package: setspace 2022/12/04 v6.7b set line spacing
)
(/usr/share/texlive/texmf-dist/tex/latex/enumitem/enumitem.sty
Package: enumitem 2019/06/20 v3.9 Customized lists
\labelindent=\skip84
\enit@outerparindent=\dimen188
\enit@toks=\toks25
\enit@inbox=\box114
\enit@count@id=\count313
\enitdp@description=\count314
)
(/usr/share/texlive/texmf-dist/tex/latex/caption/caption.sty
Package: caption 2022/03/01 v3.6b Customizing captions (AR)

(/usr/share/texlive/texmf-dist/tex/latex/caption/caption3.sty
Package: caption3 2022/03/17 v2.3b caption3 kernel (AR)
\caption@tempdima=\dimen189
\captionmargin=\dimen190
\caption@leftmargin=\dimen191
\caption@rightmargin=\dimen192
\caption@width=\dimen193
\caption@indent=\dimen194
\caption@parindent=\dimen195
\caption@hangindent=\dimen196
Package caption Info: Standard document class detected.
)
\c@caption@flags=\count315
\c@continuedfloat=\count316
Package caption Info: longtable package is loaded.

(/usr/share/texlive/texmf-dist/tex/latex/caption/ltcaption.sty
Package: ltcaption 2021/01/08 v1.4c longtable captions (AR)
))
(/usr/share/texlive/texmf-dist/tex/latex/amsfonts/amssymb.sty
Package: amssymb 2013/01/14 v3.01 AMS font symbols

(/usr/share/texlive/texmf-dist/tex/latex/amsfonts/amsfonts.sty
Package: amsfonts 2013/01/14 v3.01 Basic AMSFonts support
\symAMSa=\mathgroup4
\symAMSb=\mathgroup5
LaTeX Font Info:    Redeclaring math symbol \hbar on input line 98.
LaTeX Font Info:    Overwriting math alphabet `\mathfrak' in version `bold'
(Font)                  U/euf/m/n --> U/euf/b/n on input line 106.
))
(/usr/share/texlive/texmf-dist/tex/latex/geometry/geometry.sty
Package: geometry 2020/01/02 v5.9 Page Geometry

(/usr/share/texlive/texmf-dist/tex/generic/iftex/ifvtex.sty
Package: ifvtex 2019/10/25 v1.7 ifvtex legacy package. Use iftex instead.
)
\Gm@cnth=\count317
\Gm@cntv=\count318
\c@Gm@tempcnt=\count319
\Gm@bindingoffset=\dimen197
\Gm@wd@mp=\dimen198
\Gm@odd@mp=\dimen199
\Gm@even@mp=\dimen256
\Gm@layoutwidth=\dimen257
\Gm@layoutheight=\dimen258
\Gm@layouthoffset=\dimen259
\Gm@layoutvoffset=\dimen260
\Gm@dimlist=\toks26
)
(/usr/share/texlive/texmf-dist/tex/latex/psnfss/times.sty
Package: times 2020/03/25 PSNFSS-v9.3 (SPQR) 
)
Package translations Info: No language package found. I am going to use `englis
h' as default language. on input line 31.
LaTeX Font Info:    Trying to load font information for OT1+ptm on input line 3
1.

(/usr/share/texlive/texmf-dist/tex/latex/psnfss/ot1ptm.fd
File: ot1ptm.fd 2001/06/04 font definitions for OT1/ptm.
) (./cy.aux)
\openout1 = `cy.aux'.

LaTeX Font Info:    Checking defaults for OML/cmm/m/it on input line 31.
LaTeX Font Info:    ... okay on input line 31.
LaTeX Font Info:    Checking defaults for OMS/cmsy/m/n on input line 31.
LaTeX Font Info:    ... okay on input line 31.
LaTeX Font Info:    Checking defaults for OT1/cmr/m/n on input line 31.
LaTeX Font Info:    ... okay on input line 31.
LaTeX Font Info:    Checking defaults for T1/cmr/m/n on input line 31.
LaTeX Font Info:    ... okay on input line 31.
LaTeX Font Info:    Checking defaults for TS1/cmr/m/n on input line 31.
LaTeX Font Info:    ... okay on input line 31.
LaTeX Font Info:    Checking defaults for OMX/cmex/m/n on input line 31.
LaTeX Font Info:    ... okay on input line 31.
LaTeX Font Info:    Checking defaults for U/cmr/m/n on input line 31.
LaTeX Font Info:    ... okay on input line 31.

(/usr/share/texlive/texmf-dist/tex/context/base/mkii/supp-pdf.mkii
[Loading MPS to PDF converter (version 2006.09.02).]
\scratchcounter=\count320
\scratchdimen=\dimen261
\scratchbox=\box115
\nofMPsegments=\count321
\nofMParguments=\count322
\everyMPshowfont=\toks27
\MPscratchCnt=\count323
\MPscratchDim=\dimen262
\MPnumerator=\count324
\makeMPintoPDFobject=\count325
\everyMPtoPDFconversion=\toks28
) (/usr/share/texlive/texmf-dist/tex/latex/epstopdf-pkg/epstopdf-base.sty
Package: epstopdf-base 2020-01-24 v2.11 Base part for package epstopdf
Package epstopdf-base Info: Redefining graphics rule for `.eps' on input line 4
85.

(/usr/share/texlive/texmf-dist/tex/latex/latexconfig/epstopdf-sys.cfg
File: epstopdf-sys.cfg 2010/07/13 v1.3 Configuration of (r)epstopdf for TeX Liv
e
))
(/usr/share/texlive/texmf-dist/tex/latex/translations/translations-basic-dictio
nary-english.trsl
File: translations-basic-dictionary-english.trsl (english translation file `tra
nslations-basic-dictionary')
)
Package translations Info: loading dictionary `translations-basic-dictionary' f
or `english'. on input line 31.

Package chemgreek Info: Activating mapping `default' on line 31.

Package caption Info: Begin \AtBeginDocument code.
Package caption Info: End \AtBeginDocument code.

*geometry* driver: auto-detecting
*geometry* detected driver: pdftex
*geometry* verbose mode - [ preamble ] result:
* driver: pdftex
* paper: a4paper
* layout: <same size as paper>
* layoutoffset:(h,v)=(0.0pt,0.0pt)
* modes: 
* h-part:(L,W,R)=(90.3375pt, 434.90039pt, 72.26999pt)
* v-part:(T,H,B)=(72.26999pt, 700.50687pt, 72.26999pt)
* \paperwidth=597.50787pt
* \paperheight=845.04684pt
* \textwidth=434.90039pt
* \textheight=700.50687pt
* \oddsidemargin=18.0675pt
* \evensidemargin=18.0675pt
* \topmargin=-37.0pt
* \headheight=15.0pt
* \headsep=20.0pt
* \topskip=12.0pt
* \footskip=30.0pt
* \marginparwidth=44.0pt
* \marginparsep=10.0pt
* \columnsep=10.0pt
* \skip\footins=10.8pt plus 4.0pt minus 2.0pt
* \hoffset=0.0pt
* \voffset=0.0pt
* \mag=1000
* \@twocolumnfalse
* \@twosidefalse
* \@mparswitchfalse
* \@reversemarginfalse
* (1in=72.27pt=25.4mm, 1cm=28.453pt)

LaTeX Font Info:    Trying to load font information for U+msa on input line 35.

(/usr/share/texlive/texmf-dist/tex/latex/amsfonts/umsa.fd
File: umsa.fd 2013/01/14 v3.01 AMS symbols A
)
LaTeX Font Info:    Trying to load font information for U+msb on input line 35.


(/usr/share/texlive/texmf-dist/tex/latex/amsfonts/umsb.fd
File: umsb.fd 2013/01/14 v3.01 AMS symbols B
) [1{/var/lib/texmf/fonts/map/pdftex/updmap/pdftex.map}

]
<cy_ga9.jpg, id=8, 708.6475pt x 695.59875pt>
File: cy_ga9.jpg Graphic file (type jpg)
<use cy_ga9.jpg>
Package pdftex.def Info: cy_ga9.jpg  used on input line 102.
(pdftex.def)             Requested size: 217.4502pt x 213.4469pt.
 [2] [3 <./cy_ga9.jpg>]
Overfull \hbox (20.42569pt too wide) in paragraph at lines 173--174
[]\OT1/ptm/m/n/12 The A value of [Ni(H$[]$O)$[]$]$[]$ is 8500 cm$[]$. The A val
-ues for [NiCl$[]$]$[]$ and [Ni(NH$[]$)$[]$]$[]$
 []

[1]
<cy_q8.jpg, id=22, 708.6475pt x 518.93875pt>
File: cy_q8.jpg Graphic file (type jpg)
<use cy_q8.jpg>
Package pdftex.def Info: cy_q8.jpg  used on input line 203.
(pdftex.def)             Requested size: 217.4502pt x 159.23816pt.
<cy_q9.jpg, id=23, 708.6475pt x 393.47pt>
File: cy_q9.jpg Graphic file (type jpg)
<use cy_q9.jpg>
Package pdftex.def Info: cy_q9.jpg  used on input line 214.
(pdftex.def)             Requested size: 217.4502pt x 120.73764pt.
 [2 <./cy_q8.jpg>]
<cy_q9a.jpg, id=28, 708.6475pt x 846.16125pt>
File: cy_q9a.jpg Graphic file (type jpg)
<use cy_q9a.jpg>
Package pdftex.def Info: cy_q9a.jpg  used on input line 218.
(pdftex.def)             Requested size: 65.23239pt x 77.88135pt.
<cy_q9b.jpg, id=29, 708.6475pt x 739.76375pt>
File: cy_q9b.jpg Graphic file (type jpg)
<use cy_q9b.jpg>
Package pdftex.def Info: cy_q9b.jpg  used on input line 219.
(pdftex.def)             Requested size: 65.23239pt x 68.08842pt.
<cy_q9c.jpg, id=30, 708.6475pt x 840.13875pt>
File: cy_q9c.jpg Graphic file (type jpg)
<use cy_q9c.jpg>
Package pdftex.def Info: cy_q9c.jpg  used on input line 220.
(pdftex.def)             Requested size: 65.23239pt x 77.32703pt.
<cy_q9d.jpg, id=31, 708.6475pt x 696.6025pt>
File: cy_q9d.jpg Graphic file (type jpg)
<use cy_q9d.jpg>
Package pdftex.def Info: cy_q9d.jpg  used on input line 221.
(pdftex.def)             Requested size: 65.23239pt x 64.11584pt.
<cy_q10.jpg, id=32, 708.6475pt x 393.47pt>
File: cy_q10.jpg Graphic file (type jpg)
<use cy_q10.jpg>
Package pdftex.def Info: cy_q10.jpg  used on input line 226.
(pdftex.def)             Requested size: 173.95749pt x 96.5841pt.
<cy_q11.jpg, id=33, 708.6475pt x 393.47pt>
File: cy_q11.jpg Graphic file (type jpg)
<use cy_q11.jpg>
Package pdftex.def Info: cy_q11.jpg  used on input line 238.
(pdftex.def)             Requested size: 260.94289pt x 144.88516pt.
 [3 <./cy_q9.jpg> <./cy_q9a.jpg> <./cy_q9b.jpg> <./cy_q9c.jpg> <./cy_q9d.jpg> <
./cy_q10.jpg> <./cy_q11.jpg>]
<cy_q11a.jpg, id=37, 708.6475pt x 393.47pt>
File: cy_q11a.jpg Graphic file (type jpg)
<use cy_q11a.jpg>
Package pdftex.def Info: cy_q11a.jpg  used on input line 242.
(pdftex.def)             Requested size: 65.23239pt x 36.21529pt.
<cy_q11b.jpg, id=38, 708.6475pt x 393.47pt>
File: cy_q11b.jpg Graphic file (type jpg)
<use cy_q11b.jpg>
Package pdftex.def Info: cy_q11b.jpg  used on input line 243.
(pdftex.def)             Requested size: 65.23239pt x 36.21529pt.
<cy_q11c.jpg, id=39, 708.6475pt x 393.47pt>
File: cy_q11c.jpg Graphic file (type jpg)
<use cy_q11c.jpg>
Package pdftex.def Info: cy_q11c.jpg  used on input line 244.
(pdftex.def)             Requested size: 65.23239pt x 36.21529pt.
<cy_q11d.jpg, id=40, 708.6475pt x 436.63126pt>
File: cy_q11d.jpg Graphic file (type jpg)
<use cy_q11d.jpg>
Package pdftex.def Info: cy_q11d.jpg  used on input line 245.
(pdftex.def)             Requested size: 65.23239pt x 40.18788pt.
<cy_q12.jpg, id=41, 1256.695pt x 370.38374pt>
File: cy_q12.jpg Graphic file (type jpg)
<use cy_q12.jpg>
Package pdftex.def Info: cy_q12.jpg  used on input line 250.
(pdftex.def)             Requested size: 260.94289pt x 76.90688pt.
<cy_q13.jpg, id=42, 1256.695pt x 366.36874pt>
File: cy_q13.jpg Graphic file (type jpg)
<use cy_q13.jpg>
Package pdftex.def Info: cy_q13.jpg  used on input line 262.
(pdftex.def)             Requested size: 260.94289pt x 76.0732pt.
<cy_q14.jpg, id=43, 1208.515pt x 565.11125pt>
File: cy_q14.jpg Graphic file (type jpg)
<use cy_q14.jpg>
Package pdftex.def Info: cy_q14.jpg  used on input line 274.
(pdftex.def)             Requested size: 413.15404pt x 193.19589pt.

Overfull \hbox (7.62834pt too wide) in paragraph at lines 274--275
 [] 
 []

[4 <./cy_q11a.jpg> <./cy_q11b.jpg> <./cy_q11c.jpg> <./cy_q11d.jpg> <./cy_q12.jp
g> <./cy_q13.jpg>]
<cy_q15.jpg, id=48, 1256.695pt x 265.99374pt>
File: cy_q15.jpg Graphic file (type jpg)
<use cy_q15.jpg>
Package pdftex.def Info: cy_q15.jpg  used on input line 278.
(pdftex.def)             Requested size: 391.40768pt x 82.84277pt.
<cy_q16.jpg, id=49, 1107.13625pt x 565.11125pt>
File: cy_q16.jpg Graphic file (type jpg)
<use cy_q16.jpg>
Package pdftex.def Info: cy_q16.jpg  used on input line 283.
(pdftex.def)             Requested size: 217.4502pt x 110.98524pt.
 [5 <./cy_q14.jpg> <./cy_q15.jpg> <./cy_q16.jpg>] [6]
[7]
Underfull \hbox (badness 10000) in paragraph at lines 412--413

 []

<cy_q34.jpg, id=60, 1256.695pt x 424.58624pt>
File: cy_q34.jpg Graphic file (type jpg)
<use cy_q34.jpg>
Package pdftex.def Info: cy_q34.jpg  used on input line 424.
(pdftex.def)             Requested size: 347.92163pt x 117.54872pt.

Underfull \hbox (badness 10000) in paragraph at lines 423--426

 []

[8 <./cy_q34.jpg>]
<cy_q34a.jpg, id=65, 889.3225pt x 565.11125pt>
File: cy_q34a.jpg Graphic file (type jpg)
<use cy_q34a.jpg>
Package pdftex.def Info: cy_q34a.jpg  used on input line 427.
(pdftex.def)             Requested size: 173.95749pt x 110.53685pt.

Overfull \hbox (2.04433pt too wide) in paragraph at lines 427--428
[][] 
 []

<cy_q34b.jpg, id=66, 1037.8775pt x 565.11125pt>
File: cy_q34b.jpg Graphic file (type jpg)
<use cy_q34b.jpg>
Package pdftex.def Info: cy_q34b.jpg  used on input line 428.
(pdftex.def)             Requested size: 173.95749pt x 94.71384pt.

Overfull \hbox (2.04433pt too wide) in paragraph at lines 428--429
[][] 
 []

<cy_q34c.jpg, id=67, 965.6075pt x 565.11125pt>
File: cy_q34c.jpg Graphic file (type jpg)
<use cy_q34c.jpg>
Package pdftex.def Info: cy_q34c.jpg  used on input line 429.
(pdftex.def)             Requested size: 173.95749pt x 101.80186pt.

Overfull \hbox (2.04433pt too wide) in paragraph at lines 429--430
[][] 
 []

<cy_q34d.jpg, id=68, 953.5625pt x 565.11125pt>
File: cy_q34d.jpg Graphic file (type jpg)
<use cy_q34d.jpg>
Package pdftex.def Info: cy_q34d.jpg  used on input line 430.
(pdftex.def)             Requested size: 173.95749pt x 103.08667pt.

Overfull \hbox (2.04433pt too wide) in paragraph at lines 430--431
[][] 
 []

<cy_q35.jpg, id=69, 1256.695pt x 348.30125pt>
File: cy_q35.jpg Graphic file (type jpg)
<use cy_q35.jpg>
Package pdftex.def Info: cy_q35.jpg  used on input line 435.
(pdftex.def)             Requested size: 347.92163pt x 96.42886pt.

Underfull \hbox (badness 10000) in paragraph at lines 434--437

 []

<cy_q35a.jpg, id=70, 837.1275pt x 565.11125pt>
File: cy_q35a.jpg Graphic file (type jpg)
<use cy_q35a.jpg>
Package pdftex.def Info: cy_q35a.jpg  used on input line 438.
(pdftex.def)             Requested size: 173.95749pt x 117.42654pt.

Overfull \hbox (2.04433pt too wide) in paragraph at lines 438--439
[][] 
 []

<cy_q35b.jpg, id=71, 703.62875pt x 565.11125pt>
File: cy_q35b.jpg Graphic file (type jpg)
<use cy_q35b.jpg>
Package pdftex.def Info: cy_q35b.jpg  used on input line 439.
(pdftex.def)             Requested size: 173.95749pt x 139.7081pt.

Overfull \hbox (2.04433pt too wide) in paragraph at lines 439--440
[][] 
 []

<cy_q35c.jpg, id=72, 632.3625pt x 565.11125pt>
File: cy_q35c.jpg Graphic file (type jpg)
<use cy_q35c.jpg>
Package pdftex.def Info: cy_q35c.jpg  used on input line 440.
(pdftex.def)             Requested size: 173.95749pt x 155.45349pt.

Overfull \hbox (2.04433pt too wide) in paragraph at lines 440--441
[][] 
 []

<cy_q35d.jpg, id=73, 650.43pt x 565.11125pt>
File: cy_q35d.jpg Graphic file (type jpg)
<use cy_q35d.jpg>
Package pdftex.def Info: cy_q35d.jpg  used on input line 441.
(pdftex.def)             Requested size: 173.95749pt x 151.13342pt.

Overfull \hbox (2.04433pt too wide) in paragraph at lines 441--442
[][] 
 []

[9 <./cy_q34a.jpg> <./cy_q34b.jpg> <./cy_q34c.jpg> <./cy_q34d.jpg> <./cy_q35.jp
g> <./cy_q35a.jpg> <./cy_q35b.jpg> <./cy_q35c.jpg> <./cy_q35d.jpg>]
<cy_q36.jpg, id=77, 1256.695pt x 348.30125pt>
File: cy_q36.jpg Graphic file (type jpg)
<use cy_q36.jpg>
Package pdftex.def Info: cy_q36.jpg  used on input line 446.
(pdftex.def)             Requested size: 347.92163pt x 96.42886pt.

Underfull \hbox (badness 10000) in paragraph at lines 445--448

 []

<cy_q36a.jpg, id=78, 792.9625pt x 565.11125pt>
File: cy_q36a.jpg Graphic file (type jpg)
<use cy_q36a.jpg>
Package pdftex.def Info: cy_q36a.jpg  used on input line 449.
(pdftex.def)             Requested size: 173.95749pt x 123.97131pt.

Overfull \hbox (2.04433pt too wide) in paragraph at lines 449--450
[][] 
 []

<cy_q36b.jpg, id=79, 873.2625pt x 565.11125pt>
File: cy_q36b.jpg Graphic file (type jpg)
<use cy_q36b.jpg>
Package pdftex.def Info: cy_q36b.jpg  used on input line 450.
(pdftex.def)             Requested size: 173.95749pt x 112.57185pt.

Overfull \hbox (2.04433pt too wide) in paragraph at lines 450--451
[][] 
 []

<cy_q36c.jpg, id=80, 757.83125pt x 565.11125pt>
File: cy_q36c.jpg Graphic file (type jpg)
<use cy_q36c.jpg>
Package pdftex.def Info: cy_q36c.jpg  used on input line 451.
(pdftex.def)             Requested size: 173.95749pt x 129.71416pt.

Overfull \hbox (2.04433pt too wide) in paragraph at lines 451--452
[][] 
 []

<cy_q36d.jpg, id=81, 683.55376pt x 565.11125pt>
File: cy_q36d.jpg Graphic file (type jpg)
<use cy_q36d.jpg>
Package pdftex.def Info: cy_q36d.jpg  used on input line 452.
(pdftex.def)             Requested size: 173.95749pt x 143.81259pt.

Overfull \hbox (2.04433pt too wide) in paragraph at lines 452--453
[][] 
 []

<cy_q37.jpg, id=82, 1256.695pt x 465.74pt>
File: cy_q37.jpg Graphic file (type jpg)
<use cy_q37.jpg>
Package pdftex.def Info: cy_q37.jpg  used on input line 457.
(pdftex.def)             Requested size: 347.92163pt x 128.94234pt.

Underfull \hbox (badness 10000) in paragraph at lines 456--458

 []

<cy_q37a.jpg, id=83, 848.16875pt x 565.11125pt>
File: cy_q37a.jpg Graphic file (type jpg)
<use cy_q37a.jpg>
Package pdftex.def Info: cy_q37a.jpg  used on input line 459.
(pdftex.def)             Requested size: 173.95749pt x 115.90028pt.
[10 <./cy_q36.jpg> <./cy_q36a.jpg> <./cy_q36b.jpg> <./cy_q36c.jpg> <./cy_q36d.j
pg> <./cy_q37.jpg>]
<cy_q37b.jpg, id=88, 741.77126pt x 565.11125pt>
File: cy_q37b.jpg Graphic file (type jpg)
<use cy_q37b.jpg>
Package pdftex.def Info: cy_q37b.jpg  used on input line 460.
(pdftex.def)             Requested size: 173.95749pt x 132.52522pt.
<cy_q37c.jpg, id=89, 932.48375pt x 565.11125pt>
File: cy_q37c.jpg Graphic file (type jpg)
<use cy_q37c.jpg>
Package pdftex.def Info: cy_q37c.jpg  used on input line 461.
(pdftex.def)             Requested size: 173.95749pt x 105.42348pt.
<cy_q37d.jpg, id=90, 1091.07625pt x 565.11125pt>
File: cy_q37d.jpg Graphic file (type jpg)
<use cy_q37d.jpg>
Package pdftex.def Info: cy_q37d.jpg  used on input line 462.
(pdftex.def)             Requested size: 173.95749pt x 90.09196pt.
<cy_q38.jpg, id=91, 1256.695pt x 324.21124pt>
File: cy_q38.jpg Graphic file (type jpg)
<use cy_q38.jpg>
Package pdftex.def Info: cy_q38.jpg  used on input line 466.
(pdftex.def)             Requested size: 434.90039pt x 112.19434pt.

Overfull \hbox (29.3747pt too wide) in paragraph at lines 465--467
[] 
 []

<cy_q38a.jpg, id=92, 1256.695pt x 503.8825pt>
File: cy_q38a.jpg Graphic file (type jpg)
<use cy_q38a.jpg>
Package pdftex.def Info: cy_q38a.jpg  used on input line 471.
(pdftex.def)             Requested size: 173.95749pt x 69.74345pt.

Overfull \hbox (2.04433pt too wide) in paragraph at lines 471--472
[][] 
 []

<cy_q38b.jpg, id=93, 1256.695pt x 402.50375pt>
File: cy_q38b.jpg Graphic file (type jpg)
<use cy_q38b.jpg>
Package pdftex.def Info: cy_q38b.jpg  used on input line 472.
(pdftex.def)             Requested size: 173.95749pt x 55.7114pt.

Overfull \hbox (2.04433pt too wide) in paragraph at lines 472--473
[][] 
 []

<cy_q38c.jpg, id=94, 1256.695pt x 397.485pt>
File: cy_q38c.jpg Graphic file (type jpg)
<use cy_q38c.jpg>
Package pdftex.def Info: cy_q38c.jpg  used on input line 473.
(pdftex.def)             Requested size: 173.95749pt x 55.01674pt.

Overfull \hbox (2.04433pt too wide) in paragraph at lines 473--474
[][] 
 []


Overfull \vbox (10.14833pt too high) has occurred while \output is active []


Overfull \vbox (10.14833pt too high) has occurred while \output is active []


[11 <./cy_q37a.jpg> <./cy_q37b.jpg> <./cy_q37c.jpg> <./cy_q37d.jpg> <./cy_q38.j
pg> <./cy_q38a.jpg> <./cy_q38b.jpg>]
<cy_q38d.jpg, id=98, 1256.695pt x 558.085pt>
File: cy_q38d.jpg Graphic file (type jpg)
<use cy_q38d.jpg>
Package pdftex.def Info: cy_q38d.jpg  used on input line 474.
(pdftex.def)             Requested size: 173.95749pt x 77.24573pt.

Overfull \hbox (2.04433pt too wide) in paragraph at lines 474--475
[][] 
 []

<cy_q39.jpg, id=99, 1256.695pt x 434.62375pt>
File: cy_q39.jpg Graphic file (type jpg)
<use cy_q39.jpg>
Package pdftex.def Info: cy_q39.jpg  used on input line 479.
(pdftex.def)             Requested size: 434.90039pt x 150.40294pt.

Overfull \hbox (29.3747pt too wide) in paragraph at lines 478--480
[] 
 []

<cy_q39a.jpg, id=100, 667.49374pt x 565.11125pt>
File: cy_q39a.jpg Graphic file (type jpg)
<use cy_q39a.jpg>
Package pdftex.def Info: cy_q39a.jpg  used on input line 484.
(pdftex.def)             Requested size: 173.95749pt x 147.27037pt.

Overfull \hbox (2.04433pt too wide) in paragraph at lines 484--485
[][] 
 []

<cy_q39b.jpg, id=101, 604.2575pt x 565.11125pt>
File: cy_q39b.jpg Graphic file (type jpg)
<use cy_q39b.jpg>
Package pdftex.def Info: cy_q39b.jpg  used on input line 485.
(pdftex.def)             Requested size: 173.95749pt x 162.6881pt.

Overfull \hbox (2.04433pt too wide) in paragraph at lines 485--486
[][] 
 []

<cy_q39c.jpg, id=102, 733.74126pt x 565.11125pt>
File: cy_q39c.jpg Graphic file (type jpg)
<use cy_q39c.jpg>
Package pdftex.def Info: cy_q39c.jpg  used on input line 486.
(pdftex.def)             Requested size: 173.95749pt x 133.97386pt.

Overfull \hbox (2.04433pt too wide) in paragraph at lines 486--487
[][] 
 []

<cy_q39d.jpg, id=103, 760.8425pt x 565.11125pt>
File: cy_q39d.jpg Graphic file (type jpg)
<use cy_q39d.jpg>
Package pdftex.def Info: cy_q39d.jpg  used on input line 487.
(pdftex.def)             Requested size: 173.95749pt x 129.20541pt.

Overfull \hbox (2.04433pt too wide) in paragraph at lines 487--488
[][] 
 []

<cy_q40.jpg, id=104, 1256.695pt x 364.36125pt>
File: cy_q40.jpg Graphic file (type jpg)
<use cy_q40.jpg>
Package pdftex.def Info: cy_q40.jpg  used on input line 492.
(pdftex.def)             Requested size: 434.90039pt x 126.08838pt.

Overfull \hbox (29.3747pt too wide) in paragraph at lines 491--493
[] 
 []

[12 <./cy_q38c.jpg> <./cy_q38d.jpg> <./cy_q39.jpg> <./cy_q39a.jpg> <./cy_q39b.j
pg> <./cy_q39c.jpg> <./cy_q39d.jpg>]
<cy_q40a.jpg, id=108, 1256.695pt x 394.47375pt>
File: cy_q40a.jpg Graphic file (type jpg)
<use cy_q40a.jpg>
Package pdftex.def Info: cy_q40a.jpg  used on input line 497.
(pdftex.def)             Requested size: 195.70384pt x 61.42569pt.

Overfull \hbox (23.79068pt too wide) in paragraph at lines 497--498
[][] 
 []

<cy_q40b.jpg, id=109, 1256.695pt x 347.2975pt>
File: cy_q40b.jpg Graphic file (type jpg)
<use cy_q40b.jpg>
Package pdftex.def Info: cy_q40b.jpg  used on input line 498.
(pdftex.def)             Requested size: 195.70384pt x 54.07962pt.

Overfull \hbox (23.79068pt too wide) in paragraph at lines 498--499
[][] 
 []

<cy_q40c.jpg, id=110, 1256.695pt x 327.2225pt>
File: cy_q40c.jpg Graphic file (type jpg)
<use cy_q40c.jpg>
Package pdftex.def Info: cy_q40c.jpg  used on input line 499.
(pdftex.def)             Requested size: 195.70384pt x 50.95363pt.

Overfull \hbox (23.79068pt too wide) in paragraph at lines 499--500
[][] 
 []

<cy_q40d.jpg, id=111, 1256.695pt x 413.545pt>
File: cy_q40d.jpg Graphic file (type jpg)
<use cy_q40d.jpg>
Package pdftex.def Info: cy_q40d.jpg  used on input line 500.
(pdftex.def)             Requested size: 195.70384pt x 64.39539pt.

Overfull \hbox (23.79068pt too wide) in paragraph at lines 500--501
[][] 
 []

<cy_q41.jpg, id=112, 1256.695pt x 334.24875pt>
File: cy_q41.jpg Graphic file (type jpg)
<use cy_q41.jpg>
Package pdftex.def Info: cy_q41.jpg  used on input line 505.
(pdftex.def)             Requested size: 434.90039pt x 115.66785pt.

Overfull \hbox (29.3747pt too wide) in paragraph at lines 504--506
[] 
 []

<cy_q41a.jpg, id=113, 1256.695pt x 410.53375pt>
File: cy_q41a.jpg Graphic file (type jpg)
<use cy_q41a.jpg>
Package pdftex.def Info: cy_q41a.jpg  used on input line 510.
(pdftex.def)             Requested size: 195.70384pt x 63.92648pt.

Overfull \hbox (23.79068pt too wide) in paragraph at lines 510--511
[][] 
 []

<cy_q41b.jpg, id=114, 1256.695pt x 342.27875pt>
File: cy_q41b.jpg Graphic file (type jpg)
<use cy_q41b.jpg>
Package pdftex.def Info: cy_q41b.jpg  used on input line 511.
(pdftex.def)             Requested size: 195.70384pt x 53.29811pt.

Overfull \hbox (23.79068pt too wide) in paragraph at lines 511--512
[][] 
 []

<cy_q41c.jpg, id=115, 1256.695pt x 534.99875pt>
File: cy_q41c.jpg Graphic file (type jpg)
<use cy_q41c.jpg>
Package pdftex.def Info: cy_q41c.jpg  used on input line 512.
(pdftex.def)             Requested size: 195.70384pt x 83.30762pt.

Overfull \hbox (23.79068pt too wide) in paragraph at lines 512--513
[][] 
 []

<cy_q41d.jpg, id=116, 1256.695pt x 480.79625pt>
File: cy_q41d.jpg Graphic file (type jpg)
<use cy_q41d.jpg>
Package pdftex.def Info: cy_q41d.jpg  used on input line 513.
(pdftex.def)             Requested size: 195.70384pt x 74.86745pt.

Overfull \hbox (23.79068pt too wide) in paragraph at lines 513--514
[][] 
 []

<cy_q42.jpg, id=117, 1256.695pt x 377.41pt>
File: cy_q42.jpg Graphic file (type jpg)
<use cy_q42.jpg>
Package pdftex.def Info: cy_q42.jpg  used on input line 518.
(pdftex.def)             Requested size: 434.90039pt x 130.60394pt.

Overfull \hbox (29.3747pt too wide) in paragraph at lines 517--519
[] 
 []

[13 <./cy_q40.jpg> <./cy_q40a.jpg> <./cy_q40b.jpg> <./cy_q40c.jpg> <./cy_q40d.j
pg> <./cy_q41.jpg> <./cy_q41a.jpg> <./cy_q41b.jpg> <./cy_q41c.jpg> <./cy_q41d.j
pg>]
<cy_q42a.jpg, id=121, 998.73125pt x 565.11125pt>
File: cy_q42a.jpg Graphic file (type jpg)
<use cy_q42a.jpg>
Package pdftex.def Info: cy_q42a.jpg  used on input line 523.
(pdftex.def)             Requested size: 195.70384pt x 110.73517pt.

Overfull \hbox (23.79068pt too wide) in paragraph at lines 523--524
[][] 
 []

<cy_q42b.jpg, id=122, 1256.695pt x 479.7925pt>
File: cy_q42b.jpg Graphic file (type jpg)
<use cy_q42b.jpg>
Package pdftex.def Info: cy_q42b.jpg  used on input line 524.
(pdftex.def)             Requested size: 195.70384pt x 74.71115pt.

Overfull \hbox (23.79068pt too wide) in paragraph at lines 524--525
[][] 
 []

<cy_q42c.jpg, id=123, 745.78625pt x 565.11125pt>
File: cy_q42c.jpg Graphic file (type jpg)
<use cy_q42c.jpg>
Package pdftex.def Info: cy_q42c.jpg  used on input line 525.
(pdftex.def)             Requested size: 195.70384pt x 148.28787pt.

Overfull \hbox (23.79068pt too wide) in paragraph at lines 525--526
[][] 
 []

<cy_q42d.jpg, id=124, 860.21375pt x 565.11125pt>
File: cy_q42d.jpg Graphic file (type jpg)
<use cy_q42d.jpg>
Package pdftex.def Info: cy_q42d.jpg  used on input line 526.
(pdftex.def)             Requested size: 195.70384pt x 128.56732pt.

Overfull \hbox (23.79068pt too wide) in paragraph at lines 526--527
[][] 
 []

<cy_q43.jpg, id=125, 1256.695pt x 140.525pt>
File: cy_q43.jpg Graphic file (type jpg)
<use cy_q43.jpg>
Package pdftex.def Info: cy_q43.jpg  used on input line 531.
(pdftex.def)             Requested size: 434.90039pt x 48.62912pt.

Overfull \hbox (29.3747pt too wide) in paragraph at lines 530--532
[] 
 []


Overfull \hbox (3.8981pt too wide) in paragraph at lines 543--544
[]\OT1/ptm/m/n/12 A com-plex is com-posed of one chromium ion, three bro-mides 
and six wa-ter molecules.
 []


Underfull \hbox (badness 10000) in paragraph at lines 543--544

 []

[14 <./cy_q42.jpg> <./cy_q42a.jpg> <./cy_q42b.jpg> <./cy_q42c.jpg> <./cy_q42d.j
pg> <./cy_q43.jpg>]
<cy_q45.jpg, id=129, 708.6475pt x 393.47pt>
File: cy_q45.jpg Graphic file (type jpg)
<use cy_q45.jpg>
Package pdftex.def Info: cy_q45.jpg  used on input line 552.
(pdftex.def)             Requested size: 202.76285pt x 112.57838pt.

Overfull \hbox (26.06425pt too wide) in paragraph at lines 551--553
[]\OT1/ptm/m/n/12 The num-ber of pos-si-ble op-ti-cally ac-tive iso-mer(s) for 
the fol-low-ing com-plex is []. 
 []

<cy_q47.jpg, id=130, 708.6475pt x 520.94624pt>
File: cy_q47.jpg Graphic file (type jpg)
<use cy_q47.jpg>
Package pdftex.def Info: cy_q47.jpg  used on input line 559.
(pdftex.def)             Requested size: 202.76285pt x 149.0515pt.

Underfull \hbox (badness 10000) in paragraph at lines 562--563

 []


Underfull \hbox (badness 10000) in paragraph at lines 566--567

 []

[15 <./cy_q45.jpg> <./cy_q47.jpg>]
LaTeX Font Info:    Trying to load font information for OMS+ptm on input line 5
73.

(/usr/share/texlive/texmf-dist/tex/latex/psnfss/omsptm.fd
File: omsptm.fd 
)
LaTeX Font Info:    Font shape `OMS/ptm/m/n' in size <12> not available
(Font)              Font shape `OMS/cmsy/m/n' tried instead on input line 573.

Underfull \hbox (badness 10000) in paragraph at lines 572--577

 []

LaTeX Font Info:    Trying to load font information for TS1+ptm on input line 5
87.
(/usr/share/texlive/texmf-dist/tex/latex/psnfss/ts1ptm.fd
File: ts1ptm.fd 2001/06/04 font definitions for TS1/ptm.
)
<cy_q52.jpg, id=134, 1256.695pt x 517.935pt>
File: cy_q52.jpg Graphic file (type jpg)
<use cy_q52.jpg>
Package pdftex.def Info: cy_q52.jpg  used on input line 593.
(pdftex.def)             Requested size: 434.90039pt x 179.23306pt.

Overfull \hbox (29.3747pt too wide) in paragraph at lines 592--594
[] 
 []

[16] [17 <./cy_q52.jpg>] (./cy.aux) ) 
Here is how much of TeX's memory you used:
 11752 strings out of 476091
 249000 string characters out of 5794081
 1861330 words of memory out of 5000000
 31944 multiletter control sequences out of 15000+600000
 525385 words of font info for 64 fonts, out of 8000000 for 9000
 1141 hyphenation exceptions out of 8191
 73i,16n,77p,534b,602s stack positions out of 10000i,1000n,20000p,200000b,200000s
{/usr/share/texlive/texmf-dist/fonts/enc/d
vips/base/8r.enc}</usr/share/texlive/texmf-dist/fonts/type1/public/amsfonts/cm/
cmex10.pfb></usr/share/texlive/texmf-dist/fonts/type1/public/amsfonts/cm/cmmi12
.pfb></usr/share/texlive/texmf-dist/fonts/type1/public/amsfonts/cm/cmmi8.pfb></
usr/share/texlive/texmf-dist/fonts/type1/public/amsfonts/cm/cmr12.pfb></usr/sha
re/texlive/texmf-dist/fonts/type1/public/amsfonts/cm/cmr6.pfb></usr/share/texli
ve/texmf-dist/fonts/type1/public/amsfonts/cm/cmr8.pfb></usr/share/texlive/texmf
-dist/fonts/type1/public/amsfonts/cm/cmsy10.pfb></usr/share/texlive/texmf-dist/
fonts/type1/public/amsfonts/cm/cmsy8.pfb></usr/share/texlive/texmf-dist/fonts/t
ype1/public/amsfonts/symbols/msbm10.pfb></usr/share/texlive/texmf-dist/fonts/ty
pe1/urw/times/utmb8a.pfb></usr/share/texlive/texmf-dist/fonts/type1/urw/times/u
tmr8a.pfb></usr/share/texlive/texmf-dist/fonts/type1/urw/times/utmri8a.pfb>
Output written on cy.pdf (20 pages, 1396188 bytes).
PDF statistics:
 197 PDF objects out of 1000 (max. 8388607)
 83 compressed objects within 1 object stream
 0 named destinations out of 1000 (max. 500000)
 336 words of extra memory for PDF output out of 10000 (max. 10000000)

